#
# A fatal error has been detected by the Java Runtime Environment:
#
#  EXCEPTION_ACCESS_VIOLATION (0xc0000005) at pc=0x00007ff9235dbff1, pid=22752, tid=21324
#
# JRE version: OpenJDK Runtime Environment Temurin-21.0.6+7 (21.0.6+7) (build 21.0.6+7-LTS)
# Java VM: OpenJDK 64-Bit Server VM Temurin-21.0.6+7 (21.0.6+7-LTS, mixed mode, sharing, tiered, compressed oops, compressed class ptrs, g1 gc, windows-amd64)
# Problematic frame:
# C  [awt.dll+0xdbff1]
#
# No core dump will be written. Minidumps are not enabled by default on client versions of Windows
#
# If you would like to submit a bug report, please visit:
#   https://github.com/adoptium/adoptium-support/issues
# The crash happened outside the Java Virtual Machine in native code.
# See problematic frame for where to report the bug.
#

---------------  S U M M A R Y ------------

Command Line: -Dfile.encoding=UTF-8 -Dstdout.encoding=UTF-8 -Dstderr.encoding=UTF-8 -XX:+ShowCodeDetailsInExceptionMessages Main

Host: 13th Gen Intel(R) Core(TM) i5-1335U, 12 cores, 7G,  Windows 11 , 64 bit Build 26100 (10.0.26100.3624)
Time: Tue Apr 15 13:03:36 2025 Sri Lanka Standard Time elapsed time: 889.720601 seconds (0d 0h 14m 49s)

---------------  T H R E A D  ---------------

Current thread (0x000001f86348d770):  JavaThread "AWT-Windows" daemon [_thread_in_native, id=21324, stack(0x0000000f56100000,0x0000000f56200000) (1024K)]

Stack: [0x0000000f56100000,0x0000000f56200000],  sp=0x0000000f561fec30,  free space=1019k
Native frames: (J=compiled Java code, j=interpreted, Vv=VM code, C=native code)
C  [awt.dll+0xdbff1]

Java frames: (J=compiled Java code, j=interpreted, Vv=VM code)
j  sun.awt.windows.WToolkit.eventLoop()V+0 java.desktop@21.0.6
j  sun.awt.windows.WToolkit.run()V+50 java.desktop@21.0.6
j  java.lang.Thread.runWith(Ljava/lang/Object;Ljava/lang/Runnable;)V+5 java.base@21.0.6
j  java.lang.Thread.run()V+19 java.base@21.0.6
v  ~StubRoutines::call_stub 0x000001f85617100d

siginfo: EXCEPTION_ACCESS_VIOLATION (0xc0000005), reading address 0x0000000000000008


Registers:
RAX=0x0000000000000000, RBX=0x000001f869b74f50, RCX=0x0000000000000000, RDX=0x0000000000000000
RSP=0x0000000f561fec30, RBP=0x0000000f561fed39, RSI=0x0000000000010c4a, RDI=0x0000000000000000
R8 =0x0000000000000001, R9 =0x0000000f549bb000, R10=0x0000000000000000, R11=0x0000000000000246
R12=0x0000000000000000, R13=0x0000000000000310, R14=0x0000000000000000, R15=0x0000000000000000
RIP=0x00007ff9235dbff1, EFLAGS=0x0000000000010246

XMM[0]=0x0000000000000000 0x0000000000000000
XMM[1]=0x0000000000000000 0x0000000000000000
XMM[2]=0x0000000000000000 0x0000000000000000
XMM[3]=0x0000000000000000 0x0000000000000000
XMM[4]=0x0000000000000000 0x0000000000000000
XMM[5]=0x0000000000000000 0x0000000000000000
XMM[6]=0x0000000000000000 0x0000000000000000
XMM[7]=0x0000000000000000 0x0000000000000000
XMM[8]=0x0000000000000000 0x0000000000000000
XMM[9]=0x0000000000000000 0x0000000000000000
XMM[10]=0x0000000000000000 0x0000000000000000
XMM[11]=0x0000000000000000 0x0000000000000000
XMM[12]=0x0000000000000000 0x0000000000000000
XMM[13]=0x0000000000000000 0x0000000000000000
XMM[14]=0x0000000000000000 0x0000000000000000
XMM[15]=0x0000000000000000 0x0000000000000000
  MXCSR=0x00001fa0


Register to memory mapping:

RAX=0x0 is null
RBX=0x000001f869b74f50 points into unknown readable memory: 0x000001f868155e80 | 80 5e 15 68 f8 01 00 00
RCX=0x0 is null
RDX=0x0 is null
RSP=0x0000000f561fec30 is pointing into the stack for thread: 0x000001f86348d770
RBP=0x0000000f561fed39 is pointing into the stack for thread: 0x000001f86348d770
RSI=0x0000000000010c4a is an unknown value
RDI=0x0 is null
R8 =0x0000000000000001 is an unknown value
R9 =0x0000000f549bb000 points into unknown readable memory: 0x0000000000000000 | 00 00 00 00 00 00 00 00
R10=0x0 is null
R11=0x0000000000000246 is an unknown value
R12=0x0 is null
R13=0x0000000000000310 is an unknown value
R14=0x0 is null
R15=0x0 is null

Top of Stack: (sp=0x0000000f561fec30)
0x0000000f561fec30:   00007ff92363a848 0000000000010c4a
0x0000000f561fec40:   00005a1e9c625094 00000000000e0d5e
0x0000000f561fec50:   0000000000000000 00007ff923597b0c
0x0000000f561fec60:   0000000000010c4a 000001f86829f070
0x0000000f561fec70:   000001f869b74f50 000001f86829f070
0x0000000f561fec80:   000001f86829f070 00007ff923597bb6
0x0000000f561fec90:   00007ff923500000 0000000000000000
0x0000000f561feca0:   0000000f561fed98 00007ff968c14d18
0x0000000f561fecb0:   000001f86829f070 00007ff923594f08
0x0000000f561fecc0:   000001f86829f070 0000000000000000
0x0000000f561fecd0:   00007ff923598090 00007ff987c5a05e
0x0000000f561fece0:   000001f86af90168 00007ff9879827a9
0x0000000f561fecf0:   0000000f561fed90 0000000000000001
0x0000000f561fed00:   0000000000000000 0000000f561fed98
0x0000000f561fed10:   0000000000000000 0000000000000000
0x0000000f561fed20:   0000000000000000 000001f86348db28
0x0000000f561fed30:   000001f86829f110 0000000000000000
0x0000000f561fed40:   0000000000000000 00005a1e9c625764
0x0000000f561fed50:   0000000000000000 0000000000000000
0x0000000f561fed60:   0000000000000000 0000000000000000
0x0000000f561fed70:   0000000000000000 0000000000000310
0x0000000f561fed80:   0000000000000000 000001f86829f070
0x0000000f561fed90:   000001f86829f070 00007ff9235e11fc
0x0000000f561feda0:   0000000000000000 00005e43ed04f596
0x0000000f561fedb0:   0000eb55c806168a 000000000000c22f
0x0000000f561fedc0:   0000000000000001 0000000000000022
0x0000000f561fedd0:   0000000000000000 00007ff98794b706
0x0000000f561fede0:   0000000000000022 00000000000e0d5e
0x0000000f561fedf0:   000000000000c22f 00007ff987c3909f
0x0000000f561fee00:   00000000000e0d5e 00007ff9879688ea
0x0000000f561fee10:   ffffffffffffffeb 00005a1e9c625604
0x0000000f561fee20:   000001f8495c05b0 0000000000000000 

Instructions: (pc=0x00007ff9235dbff1)
0x00007ff9235dbef1:   83 ec 28 66 0f 6e c2 0f 5b c0 f3 0f 59 41 48 0f
0x00007ff9235dbf01:   5a c8 f2 0f 10 05 95 4d 03 00 f2 0f 5c 0d f5 4c
0x00007ff9235dbf11:   01 00 66 0f 2f c1 76 0a b8 00 00 00 80 48 83 c4
0x00007ff9235dbf21:   28 c3 66 0f 2f 0d 75 96 02 00 76 0a b8 ff ff ff
0x00007ff9235dbf31:   7f 48 83 c4 28 c3 0f 28 c1 e8 e5 0d 01 00 f2 0f
0x00007ff9235dbf41:   2c c0 48 83 c4 28 c3 cc cc cc cc cc cc cc cc 48
0x00007ff9235dbf51:   83 ec 28 66 0f 6e c2 0f 5b c0 f3 0f 59 41 4c 0f
0x00007ff9235dbf61:   5a c8 f2 0f 10 05 35 4d 03 00 f2 0f 5c 0d 95 4c
0x00007ff9235dbf71:   01 00 66 0f 2f c1 76 0a b8 00 00 00 80 48 83 c4
0x00007ff9235dbf81:   28 c3 66 0f 2f 0d 15 96 02 00 76 0a b8 ff ff ff
0x00007ff9235dbf91:   7f 48 83 c4 28 c3 0f 28 c1 e8 85 0d 01 00 f2 0f
0x00007ff9235dbfa1:   2c c0 48 83 c4 28 c3 cc cc cc cc cc cc cc cc 48
0x00007ff9235dbfb1:   8b 49 08 48 85 c9 0f 85 c3 7e fe ff 33 c0 c3 48
0x00007ff9235dbfc1:   89 5c 24 08 48 89 74 24 10 57 48 83 ec 20 8b fa
0x00007ff9235dbfd1:   48 8b f1 e8 77 bd f4 ff 48 8b d8 48 89 44 24 40
0x00007ff9235dbfe1:   41 b8 01 00 00 00 8b d7 48 8b c8 e8 cf bc f4 ff
0x00007ff9235dbff1:   48 8b 48 08 48 85 c9 74 0d 48 8b d6 e8 7e 7e fe
0x00007ff9235dc001:   ff 48 8b f8 eb 02 33 ff 48 8b cb e8 ff be f4 ff
0x00007ff9235dc011:   90 48 8b c7 48 8b 5c 24 30 48 8b 74 24 38 48 83
0x00007ff9235dc021:   c4 20 5f c3 cc cc cc cc cc cc cc cc cc cc cc 48
0x00007ff9235dc031:   8b 01 89 10 c3 cc cc cc cc cc cc cc cc cc cc 40
0x00007ff9235dc041:   57 48 83 ec 40 48 83 79 38 00 48 8b f9 0f 84 96
0x00007ff9235dc051:   01 00 00 48 8b 0d 2d ae 06 00 ba 02 00 01 00 48
0x00007ff9235dc061:   89 5c 24 58 48 89 74 24 68 e8 59 f6 00 00 4c 8b
0x00007ff9235dc071:   05 42 b3 06 00 48 8b c8 48 8b 57 38 48 8b d8 4c
0x00007ff9235dc081:   8b 08 41 ff 91 f8 02 00 00 48 8b f0 48 85 c0 0f
0x00007ff9235dc091:   84 4a 01 00 00 4c 8b 0b 48 8b d0 4c 8b 05 05 b3
0x00007ff9235dc0a1:   06 00 48 8b cb 41 ff 91 00 01 00 00 84 c0 0f 84
0x00007ff9235dc0b1:   2b 01 00 00 48 8b 7f 08 48 8b d6 48 8b 03 48 8b
0x00007ff9235dc0c1:   cb 4c 8b 05 f7 b2 06 00 48 81 c7 00 04 00 00 48
0x00007ff9235dc0d1:   89 6c 24 60 4c 89 7c 24 20 ff 90 f8 02 00 00 4c
0x00007ff9235dc0e1:   8b 0b 48 8b d6 4c 8b 05 db b2 06 00 48 8b cb 4c 


Stack slot to memory mapping:

stack at sp + 0 slots: 0x00007ff92363a848 awt.dll
stack at sp + 1 slots: 0x0000000000010c4a is an unknown value
stack at sp + 2 slots: 0x00005a1e9c625094 is an unknown value
stack at sp + 3 slots: 0x00000000000e0d5e is an unknown value
stack at sp + 4 slots: 0x0 is null
stack at sp + 5 slots: 0x00007ff923597b0c awt.dll
stack at sp + 6 slots: 0x0000000000010c4a is an unknown value
stack at sp + 7 slots: 0x000001f86829f070 points into unknown readable memory: 0x00007ff92360c8e0 | e0 c8 60 23 f9 7f 00 00


---------------  P R O C E S S  ---------------

Threads class SMR info:
_java_thread_list=0x000001f86365d920, length=20, elements={
0x000001f86347b3f0, 0x000001f8634802f0, 0x000001f8634863b0, 0x000001f86348efd0,
0x000001f8634a1a20, 0x000001f86348d0e0, 0x000001f8634a3b80, 0x000001f8634a4610,
0x000001f86348ca50, 0x000001f86348bd30, 0x000001f86348c3c0, 0x000001f86348b6a0,
0x000001f86348d770, 0x000001f86348e490, 0x000001f86348b010, 0x000001f8687d4580,
0x000001f8687d8090, 0x000001f8687d4c10, 0x000001f8687d7a00, 0x000001f8687d6ce0
}

Java Threads: ( => current thread )
  0x000001f86347b3f0 JavaThread "Reference Handler"          daemon [_thread_blocked, id=21532, stack(0x0000000f55500000,0x0000000f55600000) (1024K)]
  0x000001f8634802f0 JavaThread "Finalizer"                  daemon [_thread_blocked, id=23696, stack(0x0000000f55600000,0x0000000f55700000) (1024K)]
  0x000001f8634863b0 JavaThread "Signal Dispatcher"          daemon [_thread_blocked, id=18780, stack(0x0000000f55700000,0x0000000f55800000) (1024K)]
  0x000001f86348efd0 JavaThread "Attach Listener"            daemon [_thread_blocked, id=22380, stack(0x0000000f55800000,0x0000000f55900000) (1024K)]
  0x000001f8634a1a20 JavaThread "Service Thread"             daemon [_thread_blocked, id=23272, stack(0x0000000f55900000,0x0000000f55a00000) (1024K)]
  0x000001f86348d0e0 JavaThread "Monitor Deflation Thread"   daemon [_thread_blocked, id=20692, stack(0x0000000f55a00000,0x0000000f55b00000) (1024K)]
  0x000001f8634a3b80 JavaThread "C2 CompilerThread0"         daemon [_thread_blocked, id=23428, stack(0x0000000f55b00000,0x0000000f55c00000) (1024K)]
  0x000001f8634a4610 JavaThread "C1 CompilerThread0"         daemon [_thread_blocked, id=8068, stack(0x0000000f55c00000,0x0000000f55d00000) (1024K)]
  0x000001f86348ca50 JavaThread "Notification Thread"        daemon [_thread_blocked, id=14384, stack(0x0000000f55d00000,0x0000000f55e00000) (1024K)]
  0x000001f86348bd30 JavaThread "Common-Cleaner"             daemon [_thread_blocked, id=24864, stack(0x0000000f55e00000,0x0000000f55f00000) (1024K)]
  0x000001f86348c3c0 JavaThread "Java2D Disposer"            daemon [_thread_blocked, id=20520, stack(0x0000000f55f00000,0x0000000f56000000) (1024K)]
  0x000001f86348b6a0 JavaThread "AWT-Shutdown"                      [_thread_blocked, id=14224, stack(0x0000000f56000000,0x0000000f56100000) (1024K)]
=>0x000001f86348d770 JavaThread "AWT-Windows"                daemon [_thread_in_native, id=21324, stack(0x0000000f56100000,0x0000000f56200000) (1024K)]
  0x000001f86348e490 JavaThread "AWT-EventQueue-0"                  [_thread_in_native, id=18100, stack(0x0000000f56400000,0x0000000f56500000) (1024K)]
  0x000001f86348b010 JavaThread "BufferPoolPruner-1-thread-1" daemon [_thread_blocked, id=14040, stack(0x0000000f57100000,0x0000000f57200000) (1024K)]
  0x000001f8687d4580 JavaThread "cluster-ClusterId{value='67fe0857c00bb652c20d13e9', description='null'}-localhost:27017" daemon [_thread_in_native, id=23916, stack(0x0000000f57200000,0x0000000f57300000) (1024K)]
  0x000001f8687d8090 JavaThread "cluster-rtt-ClusterId{value='67fe0857c00bb652c20d13e9', description='null'}-localhost:27017" daemon [_thread_blocked, id=18300, stack(0x0000000f57300000,0x0000000f57400000) (1024K)]
  0x000001f8687d4c10 JavaThread "MaintenanceTimer-2-thread-1" daemon [_thread_blocked, id=27352, stack(0x0000000f57500000,0x0000000f57600000) (1024K)]
  0x000001f8687d7a00 JavaThread "DestroyJavaVM"                     [_thread_blocked, id=21596, stack(0x0000000f54d00000,0x0000000f54e00000) (1024K)]
  0x000001f8687d6ce0 JavaThread "TimerQueue"                 daemon [_thread_blocked, id=2372, stack(0x0000000f57700000,0x0000000f57800000) (1024K)]
Total: 20

Other Threads:
  0x000001f863460900 VMThread "VM Thread"                           [id=18880, stack(0x0000000f55400000,0x0000000f55500000) (1024K)]
  0x000001f86344e4f0 WatcherThread "VM Periodic Task Thread"        [id=25468, stack(0x0000000f55300000,0x0000000f55400000) (1024K)]
  0x000001f84b301150 WorkerThread "GC Thread#0"                     [id=21452, stack(0x0000000f54e00000,0x0000000f54f00000) (1024K)]
  0x000001f86811b780 WorkerThread "GC Thread#1"                     [id=26476, stack(0x0000000f56600000,0x0000000f56700000) (1024K)]
  0x000001f8687ba0f0 WorkerThread "GC Thread#2"                     [id=16428, stack(0x0000000f56700000,0x0000000f56800000) (1024K)]
  0x000001f86850ac10 WorkerThread "GC Thread#3"                     [id=16592, stack(0x0000000f56800000,0x0000000f56900000) (1024K)]
  0x000001f86850b3b0 WorkerThread "GC Thread#4"                     [id=22720, stack(0x0000000f56900000,0x0000000f56a00000) (1024K)]
  0x000001f86862d080 WorkerThread "GC Thread#5"                     [id=18724, stack(0x0000000f56a00000,0x0000000f56b00000) (1024K)]
  0x000001f869a6dc00 WorkerThread "GC Thread#6"                     [id=15556, stack(0x0000000f56b00000,0x0000000f56c00000) (1024K)]
  0x000001f86901fab0 WorkerThread "GC Thread#7"                     [id=14772, stack(0x0000000f56c00000,0x0000000f56d00000) (1024K)]
  0x000001f8690104d0 WorkerThread "GC Thread#8"                     [id=17316, stack(0x0000000f56d00000,0x0000000f56e00000) (1024K)]
  0x000001f869010870 WorkerThread "GC Thread#9"                     [id=11844, stack(0x0000000f56e00000,0x0000000f56f00000) (1024K)]
  0x000001f84b311770 ConcurrentGCThread "G1 Main Marker"            [id=16120, stack(0x0000000f54f00000,0x0000000f55000000) (1024K)]
  0x000001f84b312270 WorkerThread "G1 Conc#0"                       [id=17720, stack(0x0000000f55000000,0x0000000f55100000) (1024K)]
  0x000001f86972b0e0 WorkerThread "G1 Conc#1"                       [id=20568, stack(0x0000000f56500000,0x0000000f56600000) (1024K)]
  0x000001f869661840 WorkerThread "G1 Conc#2"                       [id=19684, stack(0x0000000f56f00000,0x0000000f57000000) (1024K)]
  0x000001f86331e950 ConcurrentGCThread "G1 Refine#0"               [id=21824, stack(0x0000000f55100000,0x0000000f55200000) (1024K)]
  0x000001f863320180 ConcurrentGCThread "G1 Service"                [id=19412, stack(0x0000000f55200000,0x0000000f55300000) (1024K)]
Total: 18

Threads with active compile tasks:
Total: 0

VM state: not at safepoint (normal execution)

VM Mutex/Monitor currently owned by a thread: None

Heap address: 0x0000000084e00000, size: 1970 MB, Compressed Oops mode: 32-bit

CDS archive(s) mapped at: [0x000001f800000000-0x000001f800c80000-0x000001f800c80000), size 13107200, SharedBaseAddress: 0x000001f800000000, ArchiveRelocationMode: 1.
Compressed class space mapped at: 0x000001f801000000-0x000001f841000000, reserved size: 1073741824
Narrow klass base: 0x000001f800000000, Narrow klass shift: 0, Narrow klass range: 0x100000000

GC Precious Log:
 CardTable entry size: 512
 Card Set container configuration: InlinePtr #cards 5 size 8 Array Of Cards #cards 12 size 40 Howl #buckets 4 coarsen threshold 1843 Howl Bitmap #cards 512 size 80 coarsen threshold 460 Card regions per heap region 1 cards per card region 2048
 CPUs: 12 total, 12 available
 Memory: 7876M
 Large Page Support: Disabled
 NUMA Support: Disabled
 Compressed Oops: Enabled (32-bit)
 Heap Region Size: 1M
 Heap Min Capacity: 8M
 Heap Initial Capacity: 124M
 Heap Max Capacity: 1970M
 Pre-touch: Disabled
 Parallel Workers: 10
 Concurrent Workers: 3
 Concurrent Refinement Workers: 10
 Periodic GC: Disabled

Heap:
 garbage-first heap   total 129024K, used 113988K [0x0000000084e00000, 0x0000000100000000)
  region size 1024K, 27 young (27648K), 2 survivors (2048K)
 Metaspace       used 19590K, committed 19968K, reserved 1114112K
  class space    used 2215K, committed 2368K, reserved 1048576K

Heap Regions: E=young(eden), S=young(survivor), O=old, HS=humongous(starts), HC=humongous(continues), CS=collection set, F=free, TAMS=top-at-mark-start, PB=parsable bottom
|   0|0x0000000084e00000, 0x0000000084f00000, 0x0000000084f00000|100%|HS|  |TAMS 0x0000000084e00000| PB 0x0000000084e00000| Complete 
|   1|0x0000000084f00000, 0x0000000085000000, 0x0000000085000000|100%|HC|  |TAMS 0x0000000084f00000| PB 0x0000000084f00000| Complete 
|   2|0x0000000085000000, 0x0000000085100000, 0x0000000085100000|100%|HS|  |TAMS 0x0000000085000000| PB 0x0000000085000000| Complete 
|   3|0x0000000085100000, 0x0000000085200000, 0x0000000085200000|100%|HC|  |TAMS 0x0000000085100000| PB 0x0000000085100000| Complete 
|   4|0x0000000085200000, 0x0000000085300000, 0x0000000085300000|100%| O|Cm|TAMS 0x0000000085200000| PB 0x0000000085200000| Complete 
|   5|0x0000000085300000, 0x0000000085400000, 0x0000000085400000|100%| O|  |TAMS 0x0000000085300000| PB 0x0000000085300000| Untracked 
|   6|0x0000000085400000, 0x0000000085500000, 0x0000000085500000|100%|HS|  |TAMS 0x0000000085400000| PB 0x0000000085400000| Complete 
|   7|0x0000000085500000, 0x0000000085600000, 0x0000000085600000|100%|HC|  |TAMS 0x0000000085500000| PB 0x0000000085500000| Complete 
|   8|0x0000000085600000, 0x0000000085700000, 0x0000000085700000|100%|HC|  |TAMS 0x0000000085600000| PB 0x0000000085600000| Complete 
|   9|0x0000000085700000, 0x0000000085800000, 0x0000000085800000|100%|HC|  |TAMS 0x0000000085700000| PB 0x0000000085700000| Complete 
|  10|0x0000000085800000, 0x0000000085900000, 0x0000000085900000|100%|HC|  |TAMS 0x0000000085800000| PB 0x0000000085800000| Complete 
|  11|0x0000000085900000, 0x0000000085a00000, 0x0000000085a00000|100%|HC|  |TAMS 0x0000000085900000| PB 0x0000000085900000| Complete 
|  12|0x0000000085a00000, 0x0000000085b00000, 0x0000000085b00000|100%|HC|  |TAMS 0x0000000085a00000| PB 0x0000000085a00000| Complete 
|  13|0x0000000085b00000, 0x0000000085c00000, 0x0000000085c00000|100%|HC|  |TAMS 0x0000000085b00000| PB 0x0000000085b00000| Complete 
|  14|0x0000000085c00000, 0x0000000085d00000, 0x0000000085d00000|100%|HC|  |TAMS 0x0000000085c00000| PB 0x0000000085c00000| Complete 
|  15|0x0000000085d00000, 0x0000000085e00000, 0x0000000085e00000|100%|HC|  |TAMS 0x0000000085d00000| PB 0x0000000085d00000| Complete 
|  16|0x0000000085e00000, 0x0000000085f00000, 0x0000000085f00000|100%|HC|  |TAMS 0x0000000085e00000| PB 0x0000000085e00000| Complete 
|  17|0x0000000085f00000, 0x0000000086000000, 0x0000000086000000|100%|HC|  |TAMS 0x0000000085f00000| PB 0x0000000085f00000| Complete 
|  18|0x0000000086000000, 0x0000000086100000, 0x0000000086100000|100%|HC|  |TAMS 0x0000000086000000| PB 0x0000000086000000| Complete 
|  19|0x0000000086100000, 0x0000000086200000, 0x0000000086200000|100%|HC|  |TAMS 0x0000000086100000| PB 0x0000000086100000| Complete 
|  20|0x0000000086200000, 0x0000000086300000, 0x0000000086300000|100%|HC|  |TAMS 0x0000000086200000| PB 0x0000000086200000| Complete 
|  21|0x0000000086300000, 0x0000000086400000, 0x0000000086400000|100%|HC|  |TAMS 0x0000000086300000| PB 0x0000000086300000| Complete 
|  22|0x0000000086400000, 0x0000000086500000, 0x0000000086500000|100%|HC|  |TAMS 0x0000000086400000| PB 0x0000000086400000| Complete 
|  23|0x0000000086500000, 0x0000000086600000, 0x0000000086600000|100%|HC|  |TAMS 0x0000000086500000| PB 0x0000000086500000| Complete 
|  24|0x0000000086600000, 0x0000000086700000, 0x0000000086700000|100%|HC|  |TAMS 0x0000000086600000| PB 0x0000000086600000| Complete 
|  25|0x0000000086700000, 0x0000000086800000, 0x0000000086800000|100%|HC|  |TAMS 0x0000000086700000| PB 0x0000000086700000| Complete 
|  26|0x0000000086800000, 0x0000000086900000, 0x0000000086900000|100%|HC|  |TAMS 0x0000000086800000| PB 0x0000000086800000| Complete 
|  27|0x0000000086900000, 0x0000000086a00000, 0x0000000086a00000|100%|HC|  |TAMS 0x0000000086900000| PB 0x0000000086900000| Complete 
|  28|0x0000000086a00000, 0x0000000086b00000, 0x0000000086b00000|100%|HC|  |TAMS 0x0000000086a00000| PB 0x0000000086a00000| Complete 
|  29|0x0000000086b00000, 0x0000000086c00000, 0x0000000086c00000|100%|HC|  |TAMS 0x0000000086b00000| PB 0x0000000086b00000| Complete 
|  30|0x0000000086c00000, 0x0000000086d00000, 0x0000000086d00000|100%|HC|  |TAMS 0x0000000086c00000| PB 0x0000000086c00000| Complete 
|  31|0x0000000086d00000, 0x0000000086e00000, 0x0000000086e00000|100%|HC|  |TAMS 0x0000000086d00000| PB 0x0000000086d00000| Complete 
|  32|0x0000000086e00000, 0x0000000086f00000, 0x0000000086f00000|100%|HC|  |TAMS 0x0000000086e00000| PB 0x0000000086e00000| Complete 
|  33|0x0000000086f00000, 0x0000000087000000, 0x0000000087000000|100%|HC|  |TAMS 0x0000000086f00000| PB 0x0000000086f00000| Complete 
|  34|0x0000000087000000, 0x0000000087100000, 0x0000000087100000|100%|HC|  |TAMS 0x0000000087000000| PB 0x0000000087000000| Complete 
|  35|0x0000000087100000, 0x0000000087200000, 0x0000000087200000|100%|HC|  |TAMS 0x0000000087100000| PB 0x0000000087100000| Complete 
|  36|0x0000000087200000, 0x0000000087300000, 0x0000000087300000|100%|HC|  |TAMS 0x0000000087200000| PB 0x0000000087200000| Complete 
|  37|0x0000000087300000, 0x0000000087400000, 0x0000000087400000|100%|HC|  |TAMS 0x0000000087300000| PB 0x0000000087300000| Complete 
|  38|0x0000000087400000, 0x0000000087500000, 0x0000000087500000|100%|HC|  |TAMS 0x0000000087400000| PB 0x0000000087400000| Complete 
|  39|0x0000000087500000, 0x0000000087600000, 0x0000000087600000|100%|HC|  |TAMS 0x0000000087500000| PB 0x0000000087500000| Complete 
|  40|0x0000000087600000, 0x0000000087700000, 0x0000000087700000|100%|HC|  |TAMS 0x0000000087600000| PB 0x0000000087600000| Complete 
|  41|0x0000000087700000, 0x0000000087800000, 0x0000000087800000|100%|HC|  |TAMS 0x0000000087700000| PB 0x0000000087700000| Complete 
|  42|0x0000000087800000, 0x0000000087900000, 0x0000000087900000|100%|HC|  |TAMS 0x0000000087800000| PB 0x0000000087800000| Complete 
|  43|0x0000000087900000, 0x0000000087a00000, 0x0000000087a00000|100%|HC|  |TAMS 0x0000000087900000| PB 0x0000000087900000| Complete 
|  44|0x0000000087a00000, 0x0000000087b00000, 0x0000000087b00000|100%|HC|  |TAMS 0x0000000087a00000| PB 0x0000000087a00000| Complete 
|  45|0x0000000087b00000, 0x0000000087c00000, 0x0000000087c00000|100%|HC|  |TAMS 0x0000000087b00000| PB 0x0000000087b00000| Complete 
|  46|0x0000000087c00000, 0x0000000087d00000, 0x0000000087d00000|100%|HC|  |TAMS 0x0000000087c00000| PB 0x0000000087c00000| Complete 
|  47|0x0000000087d00000, 0x0000000087e00000, 0x0000000087e00000|100%|HC|  |TAMS 0x0000000087d00000| PB 0x0000000087d00000| Complete 
|  48|0x0000000087e00000, 0x0000000087f00000, 0x0000000087f00000|100%|HC|  |TAMS 0x0000000087e00000| PB 0x0000000087e00000| Complete 
|  49|0x0000000087f00000, 0x0000000088000000, 0x0000000088000000|100%|HC|  |TAMS 0x0000000087f00000| PB 0x0000000087f00000| Complete 
|  50|0x0000000088000000, 0x0000000088100000, 0x0000000088100000|100%|HC|  |TAMS 0x0000000088000000| PB 0x0000000088000000| Complete 
|  51|0x0000000088100000, 0x0000000088200000, 0x0000000088200000|100%|HC|  |TAMS 0x0000000088100000| PB 0x0000000088100000| Complete 
|  52|0x0000000088200000, 0x0000000088300000, 0x0000000088300000|100%|HC|  |TAMS 0x0000000088200000| PB 0x0000000088200000| Complete 
|  53|0x0000000088300000, 0x0000000088400000, 0x0000000088400000|100%|HC|  |TAMS 0x0000000088300000| PB 0x0000000088300000| Complete 
|  54|0x0000000088400000, 0x0000000088500000, 0x0000000088500000|100%|HC|  |TAMS 0x0000000088400000| PB 0x0000000088400000| Complete 
|  55|0x0000000088500000, 0x0000000088600000, 0x0000000088600000|100%|HC|  |TAMS 0x0000000088500000| PB 0x0000000088500000| Complete 
|  56|0x0000000088600000, 0x0000000088700000, 0x0000000088700000|100%|HC|  |TAMS 0x0000000088600000| PB 0x0000000088600000| Complete 
|  57|0x0000000088700000, 0x0000000088800000, 0x0000000088800000|100%|HC|  |TAMS 0x0000000088700000| PB 0x0000000088700000| Complete 
|  58|0x0000000088800000, 0x0000000088900000, 0x0000000088900000|100%|HC|  |TAMS 0x0000000088800000| PB 0x0000000088800000| Complete 
|  59|0x0000000088900000, 0x0000000088a00000, 0x0000000088a00000|100%|HC|  |TAMS 0x0000000088900000| PB 0x0000000088900000| Complete 
|  60|0x0000000088a00000, 0x0000000088b00000, 0x0000000088b00000|100%|HC|  |TAMS 0x0000000088a00000| PB 0x0000000088a00000| Complete 
|  61|0x0000000088b00000, 0x0000000088c00000, 0x0000000088c00000|100%|HC|  |TAMS 0x0000000088b00000| PB 0x0000000088b00000| Complete 
|  62|0x0000000088c00000, 0x0000000088d00000, 0x0000000088d00000|100%|HC|  |TAMS 0x0000000088c00000| PB 0x0000000088c00000| Complete 
|  63|0x0000000088d00000, 0x0000000088e00000, 0x0000000088e00000|100%|HC|  |TAMS 0x0000000088d00000| PB 0x0000000088d00000| Complete 
|  64|0x0000000088e00000, 0x0000000088f00000, 0x0000000088f00000|100%|HC|  |TAMS 0x0000000088e00000| PB 0x0000000088e00000| Complete 
|  65|0x0000000088f00000, 0x0000000089000000, 0x0000000089000000|100%|HC|  |TAMS 0x0000000088f00000| PB 0x0000000088f00000| Complete 
|  66|0x0000000089000000, 0x0000000089100000, 0x0000000089100000|100%|HC|  |TAMS 0x0000000089000000| PB 0x0000000089000000| Complete 
|  67|0x0000000089100000, 0x0000000089200000, 0x0000000089200000|100%|HC|  |TAMS 0x0000000089100000| PB 0x0000000089100000| Complete 
|  68|0x0000000089200000, 0x0000000089300000, 0x0000000089300000|100%| O|  |TAMS 0x0000000089200000| PB 0x0000000089200000| Untracked 
|  69|0x0000000089300000, 0x0000000089400000, 0x0000000089400000|100%| O|  |TAMS 0x0000000089300000| PB 0x0000000089300000| Untracked 
|  70|0x0000000089400000, 0x000000008947c0a0, 0x0000000089500000| 48%| O|  |TAMS 0x0000000089400000| PB 0x0000000089400000| Untracked 
|  71|0x0000000089500000, 0x0000000089600000, 0x0000000089600000|100%|HS|  |TAMS 0x0000000089500000| PB 0x0000000089500000| Complete 
|  72|0x0000000089600000, 0x0000000089700000, 0x0000000089700000|100%|HC|  |TAMS 0x0000000089600000| PB 0x0000000089600000| Complete 
|  73|0x0000000089700000, 0x0000000089800000, 0x0000000089800000|100%|HS|  |TAMS 0x0000000089700000| PB 0x0000000089700000| Complete 
|  74|0x0000000089800000, 0x0000000089900000, 0x0000000089900000|100%|HC|  |TAMS 0x0000000089800000| PB 0x0000000089800000| Complete 
|  75|0x0000000089900000, 0x0000000089a00000, 0x0000000089a00000|100%|HS|  |TAMS 0x0000000089900000| PB 0x0000000089900000| Complete 
|  76|0x0000000089a00000, 0x0000000089b00000, 0x0000000089b00000|100%|HC|  |TAMS 0x0000000089a00000| PB 0x0000000089a00000| Complete 
|  77|0x0000000089b00000, 0x0000000089c00000, 0x0000000089c00000|100%|HC|  |TAMS 0x0000000089b00000| PB 0x0000000089b00000| Complete 
|  78|0x0000000089c00000, 0x0000000089c00000, 0x0000000089d00000|  0%| F|  |TAMS 0x0000000089c00000| PB 0x0000000089c00000| Untracked 
|  79|0x0000000089d00000, 0x0000000089d00000, 0x0000000089e00000|  0%| F|  |TAMS 0x0000000089d00000| PB 0x0000000089d00000| Untracked 
|  80|0x0000000089e00000, 0x0000000089e00000, 0x0000000089f00000|  0%| F|  |TAMS 0x0000000089e00000| PB 0x0000000089e00000| Untracked 
|  81|0x0000000089f00000, 0x0000000089f00000, 0x000000008a000000|  0%| F|  |TAMS 0x0000000089f00000| PB 0x0000000089f00000| Untracked 
|  82|0x000000008a000000, 0x000000008a100000, 0x000000008a100000|100%|HS|  |TAMS 0x000000008a000000| PB 0x000000008a000000| Complete 
|  83|0x000000008a100000, 0x000000008a200000, 0x000000008a200000|100%|HC|  |TAMS 0x000000008a100000| PB 0x000000008a100000| Complete 
|  84|0x000000008a200000, 0x000000008a300000, 0x000000008a300000|100%|HC|  |TAMS 0x000000008a200000| PB 0x000000008a200000| Complete 
|  85|0x000000008a300000, 0x000000008a400000, 0x000000008a400000|100%|HC|  |TAMS 0x000000008a300000| PB 0x000000008a300000| Complete 
|  86|0x000000008a400000, 0x000000008a500000, 0x000000008a500000|100%|HC|  |TAMS 0x000000008a400000| PB 0x000000008a400000| Complete 
|  87|0x000000008a500000, 0x000000008a600000, 0x000000008a600000|100%|HC|  |TAMS 0x000000008a500000| PB 0x000000008a500000| Complete 
|  88|0x000000008a600000, 0x000000008a700000, 0x000000008a700000|100%|HC|  |TAMS 0x000000008a600000| PB 0x000000008a600000| Complete 
|  89|0x000000008a700000, 0x000000008a800000, 0x000000008a800000|100%|HC|  |TAMS 0x000000008a700000| PB 0x000000008a700000| Complete 
|  90|0x000000008a800000, 0x000000008a800000, 0x000000008a900000|  0%| F|  |TAMS 0x000000008a800000| PB 0x000000008a800000| Untracked 
|  91|0x000000008a900000, 0x000000008a900000, 0x000000008aa00000|  0%| F|  |TAMS 0x000000008a900000| PB 0x000000008a900000| Untracked 
|  92|0x000000008aa00000, 0x000000008aa00000, 0x000000008ab00000|  0%| F|  |TAMS 0x000000008aa00000| PB 0x000000008aa00000| Untracked 
|  93|0x000000008ab00000, 0x000000008ab00000, 0x000000008ac00000|  0%| F|  |TAMS 0x000000008ab00000| PB 0x000000008ab00000| Untracked 
|  94|0x000000008ac00000, 0x000000008ac00000, 0x000000008ad00000|  0%| F|  |TAMS 0x000000008ac00000| PB 0x000000008ac00000| Untracked 
|  95|0x000000008ad00000, 0x000000008ad00000, 0x000000008ae00000|  0%| F|  |TAMS 0x000000008ad00000| PB 0x000000008ad00000| Untracked 
|  96|0x000000008ae00000, 0x000000008ae00000, 0x000000008af00000|  0%| F|  |TAMS 0x000000008ae00000| PB 0x000000008ae00000| Untracked 
|  97|0x000000008af00000, 0x000000008af00000, 0x000000008b000000|  0%| F|  |TAMS 0x000000008af00000| PB 0x000000008af00000| Untracked 
|  98|0x000000008b000000, 0x000000008b000000, 0x000000008b100000|  0%| F|  |TAMS 0x000000008b000000| PB 0x000000008b000000| Untracked 
|  99|0x000000008b100000, 0x000000008b1274f8, 0x000000008b200000| 15%| E|  |TAMS 0x000000008b100000| PB 0x000000008b100000| Complete 
| 100|0x000000008b200000, 0x000000008b300000, 0x000000008b300000|100%| E|CS|TAMS 0x000000008b200000| PB 0x000000008b200000| Complete 
| 101|0x000000008b300000, 0x000000008b400000, 0x000000008b400000|100%| E|CS|TAMS 0x000000008b300000| PB 0x000000008b300000| Complete 
| 102|0x000000008b400000, 0x000000008b500000, 0x000000008b500000|100%| E|CS|TAMS 0x000000008b400000| PB 0x000000008b400000| Complete 
| 103|0x000000008b500000, 0x000000008b600000, 0x000000008b600000|100%| E|CS|TAMS 0x000000008b500000| PB 0x000000008b500000| Complete 
| 104|0x000000008b600000, 0x000000008b700000, 0x000000008b700000|100%| E|CS|TAMS 0x000000008b600000| PB 0x000000008b600000| Complete 
| 105|0x000000008b700000, 0x000000008b800000, 0x000000008b800000|100%| E|CS|TAMS 0x000000008b700000| PB 0x000000008b700000| Complete 
| 106|0x000000008b800000, 0x000000008b900000, 0x000000008b900000|100%| E|CS|TAMS 0x000000008b800000| PB 0x000000008b800000| Complete 
| 107|0x000000008b900000, 0x000000008ba00000, 0x000000008ba00000|100%| E|CS|TAMS 0x000000008b900000| PB 0x000000008b900000| Complete 
| 108|0x000000008ba00000, 0x000000008bb00000, 0x000000008bb00000|100%| E|CS|TAMS 0x000000008ba00000| PB 0x000000008ba00000| Complete 
| 109|0x000000008bb00000, 0x000000008bc00000, 0x000000008bc00000|100%| E|CS|TAMS 0x000000008bb00000| PB 0x000000008bb00000| Complete 
| 110|0x000000008bc00000, 0x000000008bd00000, 0x000000008bd00000|100%| E|CS|TAMS 0x000000008bc00000| PB 0x000000008bc00000| Complete 
| 111|0x000000008bd00000, 0x000000008be00000, 0x000000008be00000|100%| E|CS|TAMS 0x000000008bd00000| PB 0x000000008bd00000| Complete 
| 112|0x000000008be00000, 0x000000008bf00000, 0x000000008bf00000|100%| E|CS|TAMS 0x000000008be00000| PB 0x000000008be00000| Complete 
| 113|0x000000008bf00000, 0x000000008c000000, 0x000000008c000000|100%| E|CS|TAMS 0x000000008bf00000| PB 0x000000008bf00000| Complete 
| 114|0x000000008c000000, 0x000000008c100000, 0x000000008c100000|100%| E|CS|TAMS 0x000000008c000000| PB 0x000000008c000000| Complete 
| 115|0x000000008c100000, 0x000000008c200000, 0x000000008c200000|100%| E|CS|TAMS 0x000000008c100000| PB 0x000000008c100000| Complete 
| 116|0x000000008c200000, 0x000000008c300000, 0x000000008c300000|100%| E|CS|TAMS 0x000000008c200000| PB 0x000000008c200000| Complete 
| 117|0x000000008c300000, 0x000000008c400000, 0x000000008c400000|100%| E|CS|TAMS 0x000000008c300000| PB 0x000000008c300000| Complete 
| 118|0x000000008c400000, 0x000000008c500000, 0x000000008c500000|100%| E|CS|TAMS 0x000000008c400000| PB 0x000000008c400000| Complete 
| 119|0x000000008c500000, 0x000000008c600000, 0x000000008c600000|100%| E|CS|TAMS 0x000000008c500000| PB 0x000000008c500000| Complete 
| 120|0x000000008c600000, 0x000000008c700000, 0x000000008c700000|100%| E|CS|TAMS 0x000000008c600000| PB 0x000000008c600000| Complete 
| 121|0x000000008c700000, 0x000000008c800000, 0x000000008c800000|100%| E|CS|TAMS 0x000000008c700000| PB 0x000000008c700000| Complete 
| 122|0x000000008c800000, 0x000000008c900000, 0x000000008c900000|100%| E|CS|TAMS 0x000000008c800000| PB 0x000000008c800000| Complete 
| 123|0x000000008c900000, 0x000000008ca00000, 0x000000008ca00000|100%| E|CS|TAMS 0x000000008c900000| PB 0x000000008c900000| Complete 
| 124|0x000000008ca00000, 0x000000008cb00000, 0x000000008cb00000|100%| S|CS|TAMS 0x000000008ca00000| PB 0x000000008ca00000| Complete 
| 125|0x000000008cb00000, 0x000000008cbd5030, 0x000000008cc00000| 83%| S|CS|TAMS 0x000000008cb00000| PB 0x000000008cb00000| Complete 

Card table byte_map: [0x000001f85e580000,0x000001f85e960000] _byte_map_base: 0x000001f85e159000

Marking Bits: (CMBitMap*) 0x000001f84b301850
 Bits: [0x000001f85e960000, 0x000001f860828000)

Polling page: 0x000001f848e20000

Metaspace:

Usage:
  Non-class:     16.97 MB used.
      Class:      2.16 MB used.
       Both:     19.13 MB used.

Virtual space:
  Non-class space:       64.00 MB reserved,      17.19 MB ( 27%) committed,  1 nodes.
      Class space:        1.00 GB reserved,       2.31 MB ( <1%) committed,  1 nodes.
             Both:        1.06 GB reserved,      19.50 MB (  2%) committed. 

Chunk freelists:
   Non-Class:  14.17 MB
       Class:  13.51 MB
        Both:  27.68 MB

MaxMetaspaceSize: unlimited
CompressedClassSpaceSize: 1.00 GB
Initial GC threshold: 21.00 MB
Current GC threshold: 21.00 MB
CDS: on
 - commit_granule_bytes: 65536.
 - commit_granule_words: 8192.
 - virtual_space_node_default_size: 8388608.
 - enlarge_chunks_in_place: 1.
 - use_allocation_guard: 0.


Internal statistics:

num_allocs_failed_limit: 0.
num_arena_births: 364.
num_arena_deaths: 0.
num_vsnodes_births: 2.
num_vsnodes_deaths: 0.
num_space_committed: 312.
num_space_uncommitted: 0.
num_chunks_returned_to_freelist: 0.
num_chunks_taken_from_freelist: 666.
num_chunk_merges: 0.
num_chunk_splits: 426.
num_chunks_enlarged: 268.
num_inconsistent_stats: 0.

CodeHeap 'non-profiled nmethods': size=120000Kb used=2269Kb max_used=2269Kb free=117730Kb
 bounds [0x000001f856710000, 0x000001f856980000, 0x000001f85dc40000]
CodeHeap 'profiled nmethods': size=120000Kb used=8344Kb max_used=8344Kb free=111655Kb
 bounds [0x000001f84ec40000, 0x000001f84f470000, 0x000001f856170000]
CodeHeap 'non-nmethods': size=5760Kb used=1706Kb max_used=1746Kb free=4053Kb
 bounds [0x000001f856170000, 0x000001f8563e0000, 0x000001f856710000]
 total_blobs=4967 nmethods=4224 adapters=647
 compilation: enabled
              stopped_count=0, restarted_count=0
 full_count=0

Compilation events (20 events):
Event: 861.312 Thread 0x000001f8634a4610 4215       3       com.mongodb.TagSet::equals (49 bytes)
Event: 861.313 Thread 0x000001f8634a4610 nmethod 4215 0x000001f84f463d90 code [0x000001f84f463f80, 0x000001f84f464400]
Event: 861.313 Thread 0x000001f8634a4610 4216       3       java.util.Collections$UnmodifiableList::equals (24 bytes)
Event: 861.313 Thread 0x000001f8634a4610 nmethod 4216 0x000001f84f464510 code [0x000001f84f4646c0, 0x000001f84f464918]
Event: 861.313 Thread 0x000001f8634a4610 4217       3       org.bson.types.ObjectId::equals (83 bytes)
Event: 861.313 Thread 0x000001f8634a4610 nmethod 4217 0x000001f84f464a10 code [0x000001f84f464c00, 0x000001f84f4650e0]
Event: 862.599 Thread 0x000001f8634a3b80 4218       4       sun.awt.WeakIdentityHashMap::get (19 bytes)
Event: 862.614 Thread 0x000001f8634a3b80 nmethod 4218 0x000001f856941c10 code [0x000001f856941e60, 0x000001f856942728]
Event: 866.552 Thread 0x000001f8634a3b80 4219       4       sun.java2d.SurfaceData::validatePipe (785 bytes)
Event: 866.569 Thread 0x000001f8634a3b80 nmethod 4219 0x000001f856942d90 code [0x000001f8569430a0, 0x000001f856944b60]
Event: 870.643 Thread 0x000001f8634a3b80 4220       4       java.util.HashMap::putVal (300 bytes)
Event: 870.654 Thread 0x000001f8634a3b80 nmethod 4220 0x000001f856945590 code [0x000001f8569457e0, 0x000001f856946330]
Event: 871.313 Thread 0x000001f8634a4610 4221       3       org.bson.codecs.DecoderContext$Builder::build (10 bytes)
Event: 871.314 Thread 0x000001f8634a4610 nmethod 4221 0x000001f84f465210 code [0x000001f84f4653c0, 0x000001f84f465668]
Event: 871.314 Thread 0x000001f8634a4610 4222       3       org.bson.codecs.DecoderContext::<init> (6 bytes)
Event: 871.314 Thread 0x000001f8634a4610 nmethod 4222 0x000001f84f465790 code [0x000001f84f465940, 0x000001f84f465b38]
Event: 871.314 Thread 0x000001f8634a4610 4223       3       org.bson.codecs.DecoderContext::<init> (13 bytes)
Event: 871.314 Thread 0x000001f8634a4610 nmethod 4223 0x000001f84f465c90 code [0x000001f84f465e40, 0x000001f84f465fd8]
Event: 888.614 Thread 0x000001f8634a3b80 4224       4       sun.awt.windows.WGlobalCursorManager::nativeUpdateCursor (8 bytes)
Event: 888.617 Thread 0x000001f8634a3b80 nmethod 4224 0x000001f856946a90 code [0x000001f856946c80, 0x000001f856947210]

GC Heap History (8 events):
Event: 0.451 GC heap before
{Heap before GC invocations=0 (full 0):
 garbage-first heap   total 126976K, used 16384K [0x0000000084e00000, 0x0000000100000000)
  region size 1024K, 13 young (13312K), 0 survivors (0K)
 Metaspace       used 7739K, committed 7936K, reserved 1114112K
  class space    used 797K, committed 896K, reserved 1048576K
}
Event: 0.458 GC heap after
{Heap after GC invocations=1 (full 0):
 garbage-first heap   total 126976K, used 8899K [0x0000000084e00000, 0x0000000100000000)
  region size 1024K, 3 young (3072K), 3 survivors (3072K)
 Metaspace       used 7739K, committed 7936K, reserved 1114112K
  class space    used 797K, committed 896K, reserved 1048576K
}
Event: 0.597 GC heap before
{Heap before GC invocations=1 (full 0):
 garbage-first heap   total 126976K, used 93891K [0x0000000084e00000, 0x0000000100000000)
  region size 1024K, 25 young (25600K), 3 survivors (3072K)
 Metaspace       used 7742K, committed 7936K, reserved 1114112K
  class space    used 797K, committed 896K, reserved 1048576K
}
Event: 0.600 GC heap after
{Heap after GC invocations=2 (full 0):
 garbage-first heap   total 126976K, used 72283K [0x0000000084e00000, 0x0000000100000000)
  region size 1024K, 1 young (1024K), 1 survivors (1024K)
 Metaspace       used 7742K, committed 7936K, reserved 1114112K
  class space    used 797K, committed 896K, reserved 1048576K
}
Event: 0.658 GC heap before
{Heap before GC invocations=2 (full 0):
 garbage-first heap   total 126976K, used 113243K [0x0000000084e00000, 0x0000000100000000)
  region size 1024K, 42 young (43008K), 1 survivors (1024K)
 Metaspace       used 7742K, committed 7936K, reserved 1114112K
  class space    used 797K, committed 896K, reserved 1048576K
}
Event: 0.659 GC heap after
{Heap after GC invocations=3 (full 0):
 garbage-first heap   total 126976K, used 72243K [0x0000000084e00000, 0x0000000100000000)
  region size 1024K, 1 young (1024K), 1 survivors (1024K)
 Metaspace       used 7742K, committed 7936K, reserved 1114112K
  class space    used 797K, committed 896K, reserved 1048576K
}
Event: 364.306 GC heap before
{Heap before GC invocations=4 (full 0):
 garbage-first heap   total 126976K, used 125491K [0x0000000084e00000, 0x0000000100000000)
  region size 1024K, 38 young (38912K), 1 survivors (1024K)
 Metaspace       used 17866K, committed 18176K, reserved 1114112K
  class space    used 1986K, committed 2112K, reserved 1048576K
}
Event: 364.313 GC heap after
{Heap after GC invocations=5 (full 0):
 garbage-first heap   total 129024K, used 89412K [0x0000000084e00000, 0x0000000100000000)
  region size 1024K, 2 young (2048K), 2 survivors (2048K)
 Metaspace       used 17866K, committed 18176K, reserved 1114112K
  class space    used 1986K, committed 2112K, reserved 1048576K
}

Dll operation events (10 events):
Event: 0.006 Loaded shared library C:\Users\sithum thinantha\.p2\pool\plugins\org.eclipse.justj.openjdk.hotspot.jre.full.win32.x86_64_21.0.6.v20250130-0529\jre\bin\java.dll
Event: 0.038 Loaded shared library C:\Users\sithum thinantha\.p2\pool\plugins\org.eclipse.justj.openjdk.hotspot.jre.full.win32.x86_64_21.0.6.v20250130-0529\jre\bin\zip.dll
Event: 0.077 Loaded shared library C:\Users\sithum thinantha\.p2\pool\plugins\org.eclipse.justj.openjdk.hotspot.jre.full.win32.x86_64_21.0.6.v20250130-0529\jre\bin\jimage.dll
Event: 0.081 Loaded shared library C:\Users\sithum thinantha\.p2\pool\plugins\org.eclipse.justj.openjdk.hotspot.jre.full.win32.x86_64_21.0.6.v20250130-0529\jre\bin\net.dll
Event: 0.083 Loaded shared library C:\Users\sithum thinantha\.p2\pool\plugins\org.eclipse.justj.openjdk.hotspot.jre.full.win32.x86_64_21.0.6.v20250130-0529\jre\bin\nio.dll
Event: 0.085 Loaded shared library C:\Users\sithum thinantha\.p2\pool\plugins\org.eclipse.justj.openjdk.hotspot.jre.full.win32.x86_64_21.0.6.v20250130-0529\jre\bin\zip.dll
Event: 0.105 Loaded shared library C:\Users\sithum thinantha\.p2\pool\plugins\org.eclipse.justj.openjdk.hotspot.jre.full.win32.x86_64_21.0.6.v20250130-0529\jre\bin\awt.dll
Event: 0.317 Loaded shared library C:\Users\sithum thinantha\.p2\pool\plugins\org.eclipse.justj.openjdk.hotspot.jre.full.win32.x86_64_21.0.6.v20250130-0529\jre\bin\freetype.dll
Event: 0.317 Loaded shared library C:\Users\sithum thinantha\.p2\pool\plugins\org.eclipse.justj.openjdk.hotspot.jre.full.win32.x86_64_21.0.6.v20250130-0529\jre\bin\fontmanager.dll
Event: 1.100 Loaded shared library C:\Users\sithum thinantha\.p2\pool\plugins\org.eclipse.justj.openjdk.hotspot.jre.full.win32.x86_64_21.0.6.v20250130-0529\jre\bin\extnet.dll

Deoptimization events (20 events):
Event: 369.406 Thread 0x000001f86348e490 DEOPT PACKING pc=0x000001f85686d528 sp=0x0000000f564fceb0
Event: 369.406 Thread 0x000001f86348e490 DEOPT UNPACKING pc=0x000001f8561c46a2 sp=0x0000000f564fcd98 mode 2
Event: 411.322 Thread 0x000001f86348e490 DEOPT PACKING pc=0x000001f84f0b6590 sp=0x0000000f564fee10
Event: 411.322 Thread 0x000001f86348e490 DEOPT UNPACKING pc=0x000001f8561c4e42 sp=0x0000000f564fe2a0 mode 0
Event: 416.290 Thread 0x000001f86348e490 Uncommon trap: trap_request=0xffffff45 fr.pc=0x000001f8568a5f38 relative=0x0000000000001238
Event: 416.290 Thread 0x000001f86348e490 Uncommon trap: reason=unstable_if action=reinterpret pc=0x000001f8568a5f38 method=java.awt.datatransfer.DataFlavor.equals(Ljava/lang/Object;)Z @ 15 c2
Event: 416.290 Thread 0x000001f86348e490 DEOPT PACKING pc=0x000001f8568a5f38 sp=0x0000000f564fd9c0
Event: 416.290 Thread 0x000001f86348e490 DEOPT UNPACKING pc=0x000001f8561c46a2 sp=0x0000000f564fd950 mode 2
Event: 506.761 Thread 0x000001f86348e490 Uncommon trap: trap_request=0xffffff45 fr.pc=0x000001f85685e060 relative=0x0000000000002b80
Event: 506.761 Thread 0x000001f86348e490 Uncommon trap: reason=unstable_if action=reinterpret pc=0x000001f85685e060 method=java.awt.EventQueue.coalesceMouseEvent(Ljava/awt/event/MouseEvent;)Z @ 30 c2
Event: 506.761 Thread 0x000001f86348e490 DEOPT PACKING pc=0x000001f85685e060 sp=0x0000000f564feec0
Event: 506.761 Thread 0x000001f86348e490 DEOPT UNPACKING pc=0x000001f8561c46a2 sp=0x0000000f564febe0 mode 2
Event: 506.762 Thread 0x000001f86348e490 Uncommon trap: trap_request=0xffffff45 fr.pc=0x000001f8568c2298 relative=0x00000000000023f8
Event: 506.762 Thread 0x000001f86348e490 Uncommon trap: reason=unstable_if action=reinterpret pc=0x000001f8568c2298 method=java.awt.EventQueue.coalesceMouseEvent(Ljava/awt/event/MouseEvent;)Z @ 30 c2
Event: 506.762 Thread 0x000001f86348e490 DEOPT PACKING pc=0x000001f8568c2298 sp=0x0000000f564fee70
Event: 506.762 Thread 0x000001f86348e490 DEOPT UNPACKING pc=0x000001f8561c46a2 sp=0x0000000f564febd0 mode 2
Event: 520.457 Thread 0x000001f86348e490 Uncommon trap: trap_request=0xffffff45 fr.pc=0x000001f8568ca1f0 relative=0x0000000000000110
Event: 520.457 Thread 0x000001f86348e490 Uncommon trap: reason=unstable_if action=reinterpret pc=0x000001f8568ca1f0 method=java.awt.geom.AffineTransform.translate(DD)V @ 384 c2
Event: 520.457 Thread 0x000001f86348e490 DEOPT PACKING pc=0x000001f8568ca1f0 sp=0x0000000f564fe190
Event: 520.457 Thread 0x000001f86348e490 DEOPT UNPACKING pc=0x000001f8561c46a2 sp=0x0000000f564fe118 mode 2

Classes loaded (20 events):
Event: 369.236 Loading class java/util/stream/MatchOps
Event: 369.236 Loading class java/util/stream/MatchOps done
Event: 369.236 Loading class java/util/stream/MatchOps$MatchOp
Event: 369.236 Loading class java/util/stream/MatchOps$MatchOp done
Event: 369.236 Loading class java/util/stream/MatchOps$BooleanTerminalSink
Event: 369.237 Loading class java/util/stream/MatchOps$BooleanTerminalSink done
Event: 369.237 Loading class java/util/stream/MatchOps$1MatchSink
Event: 369.237 Loading class java/util/stream/MatchOps$1MatchSink done
Event: 369.294 Loading class java/util/stream/ReduceOps$2
Event: 369.295 Loading class java/util/stream/ReduceOps$2 done
Event: 369.295 Loading class java/util/stream/ReduceOps$2ReducingSink
Event: 369.295 Loading class java/util/stream/ReduceOps$2ReducingSink done
Event: 369.317 Loading class java/util/UUID$Holder
Event: 369.317 Loading class java/util/UUID$Holder done
Event: 369.334 Loading class jdk/internal/reflect/MethodHandleLongFieldAccessorImpl
Event: 369.335 Loading class jdk/internal/reflect/MethodHandleLongFieldAccessorImpl done
Event: 369.407 Loading class java/util/HashMap$EntrySpliterator
Event: 369.408 Loading class java/util/HashMap$EntrySpliterator done
Event: 369.419 Loading class java/lang/Thread$ThreadNumbering
Event: 369.420 Loading class java/lang/Thread$ThreadNumbering done

Classes unloaded (0 events):
No events

Classes redefined (0 events):
No events

Internal exceptions (20 events):
Event: 369.280 Thread 0x000001f86348e490 Exception <a 'java/lang/NoSuchMethodError'{0x000000008c2ef3d8}: 'java.lang.Object java.lang.invoke.DirectMethodHandle$Holder.invokeStaticInit(java.lang.Object, java.lang.Object, java.lang.Object)'> (0x000000008c2ef3d8) 
thrown [s\src\hotspot\share\interpreter\linkResolver.cpp, line 773]
Event: 369.280 Thread 0x000001f86348e490 Exception <a 'java/lang/NoSuchMethodError'{0x000000008c2f5ac8}: 'int java.lang.invoke.DirectMethodHandle$Holder.invokeSpecial(java.lang.Object, java.lang.Object, java.lang.Object, java.lang.Object)'> (0x000000008c2f5ac8) 
thrown [s\src\hotspot\share\interpreter\linkResolver.cpp, line 773]
Event: 369.288 Thread 0x000001f86348e490 Exception <a 'java/lang/NoSuchMethodError'{0x000000008c130b68}: 'java.lang.Object java.lang.invoke.DirectMethodHandle$Holder.newInvokeSpecial(java.lang.Object, int, java.lang.Object)'> (0x000000008c130b68) 
thrown [s\src\hotspot\share\interpreter\linkResolver.cpp, line 773]
Event: 369.291 Thread 0x000001f86348e490 Exception <a 'java/lang/NoSuchMethodError'{0x000000008c149ad0}: 'java.lang.Object java.lang.invoke.DirectMethodHandle$Holder.invokeInterface(java.lang.Object, java.lang.Object, java.lang.Object)'> (0x000000008c149ad0) 
thrown [s\src\hotspot\share\interpreter\linkResolver.cpp, line 773]
Event: 369.291 Thread 0x000001f86348e490 Exception <a 'java/lang/NoSuchMethodError'{0x000000008c150190}: 'int java.lang.invoke.DirectMethodHandle$Holder.invokeVirtual(java.lang.Object, java.lang.Object)'> (0x000000008c150190) 
thrown [s\src\hotspot\share\interpreter\linkResolver.cpp, line 773]
Event: 369.293 Thread 0x000001f86348e490 Exception <a 'java/lang/NoSuchMethodError'{0x000000008c15d4f8}: 'int java.lang.invoke.DirectMethodHandle$Holder.invokeStatic(java.lang.Object, java.lang.Object, java.lang.Object, java.lang.Object)'> (0x000000008c15d4f8) 
thrown [s\src\hotspot\share\interpreter\linkResolver.cpp, line 773]
Event: 369.294 Thread 0x000001f86348e490 Exception <a 'java/lang/NoSuchMethodError'{0x000000008c160e78}: 'java.lang.Object java.lang.invoke.Invokers$Holder.invokeExact_MT(java.lang.Object, java.lang.Object, java.lang.Object, java.lang.Object, java.lang.Object, java.lang.Object)'> (0x000000008c160e78) 
thrown [s\src\hotspot\share\interpreter\linkResolver.cpp, line 773]
Event: 369.327 Thread 0x000001f86348e490 Exception <a 'java/lang/NoSuchMethodError'{0x000000008c05c4b0}: 'java.lang.Object java.lang.invoke.DirectMethodHandle$Holder.newInvokeSpecial(java.lang.Object, java.lang.Object, java.lang.Object, java.lang.Object, java.lang.Object, java.lang.Object)'> (0x000000008c05c4b0) 
thrown [s\src\hotspot\share\interpreter\linkResolver.cpp, line 773]
Event: 369.331 Thread 0x000001f86348e490 Exception <a 'java/lang/NoSuchMethodError'{0x000000008c086d28}: 'int java.lang.invoke.DirectMethodHandle$Holder.invokeSpecial(java.lang.Object, java.lang.Object, java.lang.Object)'> (0x000000008c086d28) 
thrown [s\src\hotspot\share\interpreter\linkResolver.cpp, line 773]
Event: 369.332 Thread 0x000001f86348e490 Exception <a 'java/lang/NoSuchMethodError'{0x000000008c0918a8}: 'void java.lang.invoke.DelegatingMethodHandle$Holder.reinvoke_L(java.lang.Object, java.lang.Object, int)'> (0x000000008c0918a8) 
thrown [s\src\hotspot\share\interpreter\linkResolver.cpp, line 773]
Event: 369.332 Thread 0x000001f86348e490 Exception <a 'java/lang/NoSuchMethodError'{0x000000008c098758}: 'int java.lang.invoke.Invokers$Holder.invokeExact_MT(java.lang.Object, java.lang.Object, java.lang.Object)'> (0x000000008c098758) 
thrown [s\src\hotspot\share\interpreter\linkResolver.cpp, line 773]
Event: 369.333 Thread 0x000001f86348e490 Exception <a 'java/lang/NoSuchMethodError'{0x000000008c09eb70}: 'void java.lang.invoke.DirectMethodHandle$Holder.invokeSpecial(java.lang.Object, java.lang.Object, int)'> (0x000000008c09eb70) 
thrown [s\src\hotspot\share\interpreter\linkResolver.cpp, line 773]
Event: 369.333 Thread 0x000001f86348e490 Exception <a 'java/lang/NoSuchMethodError'{0x000000008c0a4850}: 'java.lang.Object java.lang.invoke.DirectMethodHandle$Holder.newInvokeSpecial(java.lang.Object, java.lang.Object, int)'> (0x000000008c0a4850) 
thrown [s\src\hotspot\share\interpreter\linkResolver.cpp, line 773]
Event: 369.335 Thread 0x000001f86348e490 Exception <a 'java/lang/NoSuchMethodError'{0x000000008c0ac4e8}: 'long java.lang.invoke.DelegatingMethodHandle$Holder.reinvoke_L(java.lang.Object, java.lang.Object)'> (0x000000008c0ac4e8) 
thrown [s\src\hotspot\share\interpreter\linkResolver.cpp, line 773]
Event: 369.336 Thread 0x000001f86348e490 Exception <a 'java/lang/NoSuchMethodError'{0x000000008c0b65b0}: 'void java.lang.invoke.DelegatingMethodHandle$Holder.reinvoke_L(java.lang.Object, java.lang.Object, long)'> (0x000000008c0b65b0) 
thrown [s\src\hotspot\share\interpreter\linkResolver.cpp, line 773]
Event: 369.336 Thread 0x000001f86348e490 Exception <a 'java/lang/NoSuchMethodError'{0x000000008c0bd4c0}: 'long java.lang.invoke.Invokers$Holder.invokeExact_MT(java.lang.Object, java.lang.Object, java.lang.Object)'> (0x000000008c0bd4c0) 
thrown [s\src\hotspot\share\interpreter\linkResolver.cpp, line 773]
Event: 369.336 Thread 0x000001f86348e490 Exception <a 'java/lang/NoSuchMethodError'{0x000000008c0c3548}: 'java.lang.Object java.lang.invoke.DirectMethodHandle$Holder.newInvokeSpecial(java.lang.Object, long)'> (0x000000008c0c3548) 
thrown [s\src\hotspot\share\interpreter\linkResolver.cpp, line 773]
Event: 369.337 Thread 0x000001f86348e490 Exception <a 'java/lang/NoSuchMethodError'{0x000000008c0c79b0}: 'void java.lang.invoke.DirectMethodHandle$Holder.invokeSpecial(java.lang.Object, java.lang.Object, long)'> (0x000000008c0c79b0) 
thrown [s\src\hotspot\share\interpreter\linkResolver.cpp, line 773]
Event: 369.421 Thread 0x000001f8687d52a0 Exception <a 'java/lang/NoSuchMethodError'{0x000000008bf80ba0}: 'void java.lang.invoke.DirectMethodHandle$Holder.invokeSpecial(java.lang.Object, java.lang.Object, int, int)'> (0x000000008bf80ba0) 
thrown [s\src\hotspot\share\interpreter\linkResolver.cpp, line 773]
Event: 369.421 Thread 0x000001f8687d52a0 Exception <a 'java/lang/NoSuchMethodError'{0x000000008bf86508}: 'java.lang.Object java.lang.invoke.DirectMethodHandle$Holder.newInvokeSpecial(java.lang.Object, java.lang.Object, int, int)'> (0x000000008bf86508) 
thrown [s\src\hotspot\share\interpreter\linkResolver.cpp, line 773]

ZGC Phase Switch (0 events):
No events

VM Operations (20 events):
Event: 793.405 Executing VM operation: Cleanup
Event: 793.405 Executing VM operation: Cleanup done
Event: 806.552 Executing VM operation: Cleanup
Event: 806.552 Executing VM operation: Cleanup done
Event: 812.601 Executing VM operation: Cleanup
Event: 812.601 Executing VM operation: Cleanup done
Event: 822.702 Executing VM operation: Cleanup
Event: 822.702 Executing VM operation: Cleanup done
Event: 832.798 Executing VM operation: Cleanup
Event: 832.798 Executing VM operation: Cleanup done
Event: 842.126 Executing VM operation: HandshakeAllThreads (HandshakeForDeflation)
Event: 842.126 Executing VM operation: HandshakeAllThreads (HandshakeForDeflation) done
Event: 842.126 Executing VM operation: RendezvousGCThreads
Event: 842.126 Executing VM operation: RendezvousGCThreads done
Event: 864.373 Executing VM operation: Cleanup
Event: 864.373 Executing VM operation: Cleanup done
Event: 867.405 Executing VM operation: Cleanup
Event: 867.405 Executing VM operation: Cleanup done
Event: 889.646 Executing VM operation: Cleanup
Event: 889.646 Executing VM operation: Cleanup done

Memory protections (0 events):
No events

Nmethod flushes (0 events):
No events

Events (20 events):
Event: 2.154 Thread 0x000001f86859d4f0 Thread exited: 0x000001f86859d4f0
Event: 2.154 Thread 0x000001f86807d040 Thread exited: 0x000001f86807d040
Event: 2.896 Thread 0x000001f86348e490 Thread added: 0x000001f8687d6ce0
Event: 5.770 Thread 0x000001f86348de00 Thread exited: 0x000001f86348de00
Event: 364.282 Thread 0x000001f8634a4610 Thread added: 0x000001f8636591f0
Event: 364.283 Thread 0x000001f8634a4610 Thread added: 0x000001f8684e4730
Event: 365.175 Thread 0x000001f8684e4730 Thread exited: 0x000001f8684e4730
Event: 365.175 Thread 0x000001f8636591f0 Thread exited: 0x000001f8636591f0
Event: 369.420 Thread 0x000001f86348e490 Thread added: 0x000001f8687d52a0
Event: 369.421 Thread 0x000001f86348e490 Thread added: 0x000001f8687d5930
Event: 372.423 Thread 0x000001f8687d5930 Thread exited: 0x000001f8687d5930
Event: 385.234 Thread 0x000001f8687d52a0 Thread exited: 0x000001f8687d52a0
Event: 416.293 Thread 0x000001f8634a4610 Thread added: 0x000001f86bcdf460
Event: 416.295 Thread 0x000001f8634a4610 Thread added: 0x000001f86388d680
Event: 417.102 Thread 0x000001f86388d680 Thread exited: 0x000001f86388d680
Event: 417.123 Thread 0x000001f86bcdf460 Thread exited: 0x000001f86bcdf460
Event: 418.339 Thread 0x000001f86348e490 Thread added: 0x000001f8687d7370
Event: 418.339 Thread 0x000001f86348e490 Thread added: 0x000001f8687d52a0
Event: 421.351 Thread 0x000001f8687d52a0 Thread exited: 0x000001f8687d52a0
Event: 434.186 Thread 0x000001f8687d7370 Thread exited: 0x000001f8687d7370


Dynamic libraries:
0x00007ff6f0b50000 - 0x00007ff6f0b5e000 	C:\Users\sithum thinantha\.p2\pool\plugins\org.eclipse.justj.openjdk.hotspot.jre.full.win32.x86_64_21.0.6.v20250130-0529\jre\bin\javaw.exe
0x00007ff987c00000 - 0x00007ff987e60000 	C:\WINDOWS\SYSTEM32\ntdll.dll
0x00007ff987350000 - 0x00007ff987417000 	C:\WINDOWS\System32\KERNEL32.DLL
0x00007ff985630000 - 0x00007ff9859fb000 	C:\WINDOWS\System32\KERNELBASE.dll
0x00007ff97c100000 - 0x00007ff97c118000 	C:\Users\sithum thinantha\.p2\pool\plugins\org.eclipse.justj.openjdk.hotspot.jre.full.win32.x86_64_21.0.6.v20250130-0529\jre\bin\jli.dll
0x00007ff97bec0000 - 0x00007ff97bede000 	C:\Users\sithum thinantha\.p2\pool\plugins\org.eclipse.justj.openjdk.hotspot.jre.full.win32.x86_64_21.0.6.v20250130-0529\jre\bin\VCRUNTIME140.dll
0x00007ff985240000 - 0x00007ff98538b000 	C:\WINDOWS\System32\ucrtbase.dll
0x00007ff987940000 - 0x00007ff987b0c000 	C:\WINDOWS\System32\USER32.dll
0x00007ff968bf0000 - 0x00007ff968e87000 	C:\WINDOWS\WinSxS\amd64_microsoft.windows.common-controls_6595b64144ccf1df_6.0.26100.3624_none_3e086962e3345f24\COMCTL32.dll
0x00007ff985160000 - 0x00007ff985187000 	C:\WINDOWS\System32\win32u.dll
0x00007ff9863f0000 - 0x00007ff98641a000 	C:\WINDOWS\System32\GDI32.dll
0x00007ff985390000 - 0x00007ff9854c1000 	C:\WINDOWS\System32\gdi32full.dll
0x00007ff985190000 - 0x00007ff985233000 	C:\WINDOWS\System32\msvcp_win.dll
0x00007ff985ef0000 - 0x00007ff985f99000 	C:\WINDOWS\System32\msvcrt.dll
0x00007ff985eb0000 - 0x00007ff985edf000 	C:\WINDOWS\System32\IMM32.DLL
0x00007ff9818c0000 - 0x00007ff9818cc000 	C:\Users\sithum thinantha\.p2\pool\plugins\org.eclipse.justj.openjdk.hotspot.jre.full.win32.x86_64_21.0.6.v20250130-0529\jre\bin\vcruntime140_1.dll
0x00007ff96b4b0000 - 0x00007ff96b53d000 	C:\Users\sithum thinantha\.p2\pool\plugins\org.eclipse.justj.openjdk.hotspot.jre.full.win32.x86_64_21.0.6.v20250130-0529\jre\bin\msvcp140.dll
0x00007ff8d7bd0000 - 0x00007ff8d8960000 	C:\Users\sithum thinantha\.p2\pool\plugins\org.eclipse.justj.openjdk.hotspot.jre.full.win32.x86_64_21.0.6.v20250130-0529\jre\bin\server\jvm.dll
0x00007ff986330000 - 0x00007ff9863e3000 	C:\WINDOWS\System32\ADVAPI32.dll
0x00007ff987b10000 - 0x00007ff987bb6000 	C:\WINDOWS\System32\sechost.dll
0x00007ff987420000 - 0x00007ff987536000 	C:\WINDOWS\System32\RPCRT4.dll
0x00007ff987640000 - 0x00007ff9876b4000 	C:\WINDOWS\System32\WS2_32.dll
0x00007ff9812b0000 - 0x00007ff9812e6000 	C:\WINDOWS\SYSTEM32\WINMM.dll
0x00007ff984c80000 - 0x00007ff984cde000 	C:\WINDOWS\SYSTEM32\POWRPROF.dll
0x00007ff971350000 - 0x00007ff97135b000 	C:\WINDOWS\SYSTEM32\VERSION.dll
0x00007ff984c40000 - 0x00007ff984c54000 	C:\WINDOWS\SYSTEM32\UMPDC.dll
0x00007ff983bf0000 - 0x00007ff983c0a000 	C:\WINDOWS\SYSTEM32\kernel.appcore.dll
0x00007ff97c600000 - 0x00007ff97c60a000 	C:\Users\sithum thinantha\.p2\pool\plugins\org.eclipse.justj.openjdk.hotspot.jre.full.win32.x86_64_21.0.6.v20250130-0529\jre\bin\jimage.dll
0x00007ff982620000 - 0x00007ff982861000 	C:\WINDOWS\SYSTEM32\DBGHELP.DLL
0x00007ff985fa0000 - 0x00007ff986323000 	C:\WINDOWS\System32\combase.dll
0x00007ff986500000 - 0x00007ff9865d6000 	C:\WINDOWS\System32\OLEAUT32.dll
0x00007ff9618d0000 - 0x00007ff961909000 	C:\WINDOWS\SYSTEM32\dbgcore.DLL
0x00007ff985590000 - 0x00007ff985629000 	C:\WINDOWS\System32\bcryptPrimitives.dll
0x00007ff977300000 - 0x00007ff97731f000 	C:\Users\sithum thinantha\.p2\pool\plugins\org.eclipse.justj.openjdk.hotspot.jre.full.win32.x86_64_21.0.6.v20250130-0529\jre\bin\java.dll
0x00007ff986c20000 - 0x00007ff987349000 	C:\WINDOWS\System32\SHELL32.dll
0x00007ff984ff0000 - 0x00007ff985158000 	C:\WINDOWS\System32\wintypes.dll
0x00007ff982a50000 - 0x00007ff9832a2000 	C:\WINDOWS\SYSTEM32\windows.storage.dll
0x00007ff9876c0000 - 0x00007ff9877ad000 	C:\WINDOWS\System32\SHCORE.dll
0x00007ff9865e0000 - 0x00007ff986644000 	C:\WINDOWS\System32\shlwapi.dll
0x00007ff984cf0000 - 0x00007ff984d1f000 	C:\WINDOWS\SYSTEM32\profapi.dll
0x00007ff975be0000 - 0x00007ff975bf8000 	C:\Users\sithum thinantha\.p2\pool\plugins\org.eclipse.justj.openjdk.hotspot.jre.full.win32.x86_64_21.0.6.v20250130-0529\jre\bin\zip.dll
0x00007ff97c330000 - 0x00007ff97c340000 	C:\Users\sithum thinantha\.p2\pool\plugins\org.eclipse.justj.openjdk.hotspot.jre.full.win32.x86_64_21.0.6.v20250130-0529\jre\bin\net.dll
0x00007ff975ef0000 - 0x00007ff97600d000 	C:\WINDOWS\SYSTEM32\WINHTTP.dll
0x00007ff984110000 - 0x00007ff98417a000 	C:\WINDOWS\system32\mswsock.dll
0x00007ff975bc0000 - 0x00007ff975bd6000 	C:\Users\sithum thinantha\.p2\pool\plugins\org.eclipse.justj.openjdk.hotspot.jre.full.win32.x86_64_21.0.6.v20250130-0529\jre\bin\nio.dll
0x00007ff923500000 - 0x00007ff92368e000 	C:\Users\sithum thinantha\.p2\pool\plugins\org.eclipse.justj.openjdk.hotspot.jre.full.win32.x86_64_21.0.6.v20250130-0529\jre\bin\awt.dll
0x00007ff981910000 - 0x00007ff9819ac000 	C:\WINDOWS\SYSTEM32\apphelp.dll
0x00007ff981e70000 - 0x00007ff981ea5000 	C:\WINDOWS\system32\DWMAPI.DLL
0x00007ff981b20000 - 0x00007ff981bce000 	C:\WINDOWS\system32\uxtheme.dll
0x00007ff9231b0000 - 0x00007ff9232bc000 	C:\WINDOWS\system32\opengl32.dll
0x00007ff96b480000 - 0x00007ff96b4ad000 	C:\WINDOWS\SYSTEM32\GLU32.dll
0x00007ff981ec0000 - 0x00007ff981f07000 	C:\WINDOWS\SYSTEM32\dxcore.dll
0x00007ff986890000 - 0x00007ff9869ed000 	C:\WINDOWS\System32\MSCTF.dll
0x00007ff9866e0000 - 0x00007ff986876000 	C:\WINDOWS\System32\ole32.dll
0x00007ff923470000 - 0x00007ff9234f7000 	C:\Users\sithum thinantha\.p2\pool\plugins\org.eclipse.justj.openjdk.hotspot.jre.full.win32.x86_64_21.0.6.v20250130-0529\jre\bin\freetype.dll
0x00007ff91a930000 - 0x00007ff91aa0b000 	C:\Users\sithum thinantha\.p2\pool\plugins\org.eclipse.justj.openjdk.hotspot.jre.full.win32.x86_64_21.0.6.v20250130-0529\jre\bin\fontmanager.dll
0x00007ff9843b0000 - 0x00007ff9843cc000 	C:\WINDOWS\SYSTEM32\CRYPTSP.dll
0x00007ff983b50000 - 0x00007ff983b8a000 	C:\WINDOWS\system32\rsaenh.dll
0x00007ff9841b0000 - 0x00007ff9841db000 	C:\WINDOWS\SYSTEM32\USERENV.dll
0x00007ff9845f0000 - 0x00007ff984616000 	C:\WINDOWS\SYSTEM32\bcrypt.dll
0x00007ff9843d0000 - 0x00007ff9843dc000 	C:\WINDOWS\SYSTEM32\CRYPTBASE.dll
0x00007ff9835e0000 - 0x00007ff983613000 	C:\WINDOWS\SYSTEM32\IPHLPAPI.DLL
0x00007ff9875d0000 - 0x00007ff9875da000 	C:\WINDOWS\System32\NSI.dll
0x00007ff983670000 - 0x00007ff983795000 	C:\WINDOWS\SYSTEM32\DNSAPI.dll
0x00007ff97ba60000 - 0x00007ff97ba6b000 	C:\Windows\System32\rasadhlp.dll
0x00007ff97d440000 - 0x00007ff97d4c5000 	C:\WINDOWS\System32\fwpuclnt.dll
0x00007ff971530000 - 0x00007ff971539000 	C:\Users\sithum thinantha\.p2\pool\plugins\org.eclipse.justj.openjdk.hotspot.jre.full.win32.x86_64_21.0.6.v20250130-0529\jre\bin\extnet.dll
0x00007ff96cab0000 - 0x00007ff96cbf9000 	C:\WINDOWS\SYSTEM32\textinputframework.dll
0x00007ff9812f0000 - 0x00007ff981416000 	C:\WINDOWS\SYSTEM32\CoreMessaging.dll
0x00007ff97de80000 - 0x00007ff97e163000 	C:\WINDOWS\SYSTEM32\CoreUIComponents.dll
0x00007ff986420000 - 0x00007ff9864c8000 	C:\WINDOWS\System32\clbcatq.dll
0x00007ff97fab0000 - 0x00007ff97fcde000 	C:\WINDOWS\SYSTEM32\WindowsCodecs.dll
0x00007ff96fb40000 - 0x00007ff96fb9a000 	C:\WINDOWS\system32\dataexchange.dll
0x00007ff9758a0000 - 0x00007ff975adb000 	C:\WINDOWS\system32\twinapi.appcore.dll
0x00007ff97dd10000 - 0x00007ff97dd21000 	C:\WINDOWS\SYSTEM32\wtdccm.dll
0x00007ff96f120000 - 0x00007ff96f199000 	C:\WINDOWS\system32\Ninput.dll

dbghelp: loaded successfully - version: 4.0.5 - missing functions: none
symbol engine: initialized successfully - sym options: 0x614 - pdb path: .;C:\Users\sithum thinantha\.p2\pool\plugins\org.eclipse.justj.openjdk.hotspot.jre.full.win32.x86_64_21.0.6.v20250130-0529\jre\bin;C:\WINDOWS\SYSTEM32;C:\WINDOWS\WinSxS\amd64_microsoft.windows.common-controls_6595b64144ccf1df_6.0.26100.3624_none_3e086962e3345f24;C:\Users\sithum thinantha\.p2\pool\plugins\org.eclipse.justj.openjdk.hotspot.jre.full.win32.x86_64_21.0.6.v20250130-0529\jre\bin\server

VM Arguments:
jvm_args: -Dfile.encoding=UTF-8 -Dstdout.encoding=UTF-8 -Dstderr.encoding=UTF-8 -XX:+ShowCodeDetailsInExceptionMessages 
java_command: Main
java_class_path (initial): C:\Users\sithum thinantha\eclipse-workspace\pdsa-mini-games\target\classes;C:\Users\sithum thinantha\.m2\repository\org\mongodb\mongodb-driver-sync\4.11.5\mongodb-driver-sync-4.11.5.jar;C:\Users\sithum thinantha\.m2\repository\org\mongodb\bson\4.11.5\bson-4.11.5.jar;C:\Users\sithum thinantha\.m2\repository\org\mongodb\mongodb-driver-core\4.11.5\mongodb-driver-core-4.11.5.jar;C:\Users\sithum thinantha\.m2\repository\org\mongodb\bson-record-codec\4.11.5\bson-record-codec-4.11.5.jar;C:\Users\sithum thinantha\.m2\repository\dev\morphia\morphia\morphia-core\2.4.9\morphia-core-2.4.9.jar;C:\Users\sithum thinantha\.m2\repository\io\smallrye\config\smallrye-config\3.4.4\smallrye-config-3.4.4.jar;C:\Users\sithum thinantha\.m2\repository\io\smallrye\config\smallrye-config-core\3.4.4\smallrye-config-core-3.4.4.jar;C:\Users\sithum thinantha\.m2\repository\org\eclipse\microprofile\config\microprofile-config-api\3.0.3\microprofile-config-api-3.0.3.jar;C:\Users\sithum thinantha\.m2\repository\io\smallrye\common\smallrye-common-annotation\2.2.0\smallrye-common-annotation-2.2.0.jar;C:\Users\sithum thinantha\.m2\repository\io\smallrye\common\smallrye-common-expression\2.2.0\smallrye-common-expression-2.2.0.jar;C:\Users\sithum thinantha\.m2\repository\io\smallrye\common\smallrye-common-function\2.2.0\smallrye-common-function-2.2.0.jar;C:\Users\sithum thinantha\.m2\repository\io\smallrye\common\smallrye-common-constraint\2.2.0\smallrye-common-constraint-2.2.0.jar;C:\Users\sithum thinantha\.m2\repository\io\smallrye\common\smallrye-common-classloader\2.2.0\smallrye-common-classloader-2.2.0.jar;C:\Users\sithum thinantha\.m2\repository\org\ow2\asm\asm\9.5\asm-9.5.jar;C:\Users\sithum thinantha\.m2\repository\io\smallrye\config\smallrye-config-common\3.4.4\smallrye-config-common-3.4.4.jar;C:\Users\sithum thinantha\.m2\repository\org\jboss\logging\jboss-logging\3.5.3.Final\jboss-logging-3.5.3.Final.jar;C:\Users\sithum thinantha\.m2\repository\org\mongodb\mongodb-driver-legacy\4.11.1\mongodb-driver-legacy-4.11.1.jar;C:\Users\sithum thinantha\.m2\repository\io\github\classgraph\classgraph\4.8.165\classgraph-4.8.165.jar;C:\Users\sithum thinantha\.m2\repository\net\bytebuddy\byte-buddy\1.14.10\byte-buddy-1.14.10.jar;C:\Users\sithum thinantha\.m2\repository\org\slf4j\slf4j-api\2.0.9\slf4j-api-2.0.9.jar;C:\Users\sithum thinantha\.m2\repository\com\github\spotbugs\spotbugs-annotations\4.8.1\spotbugs-annotations-4.8.1.jar;C:\Users\sithum thinantha\.m2\repository\com\google\code\findbugs\jsr305\3.0.2\jsr305-3.0.2.jar;C:\Users\sithum thinantha\.m2\repository\org\jsoup\jsoup\1.17.1\jsoup-1.17.1.jar
Launcher Type: SUN_STANDARD

[Global flags]
     intx CICompilerCount                          = 4                                         {product} {ergonomic}
     uint ConcGCThreads                            = 3                                         {product} {ergonomic}
     uint G1ConcRefinementThreads                  = 10                                        {product} {ergonomic}
   size_t G1HeapRegionSize                         = 1048576                                   {product} {ergonomic}
    uintx GCDrainStackTargetSize                   = 64                                        {product} {ergonomic}
   size_t InitialHeapSize                          = 130023424                                 {product} {ergonomic}
   size_t MarkStackSize                            = 4194304                                   {product} {ergonomic}
   size_t MaxHeapSize                              = 2065694720                                {product} {ergonomic}
   size_t MaxNewSize                               = 1239416832                                {product} {ergonomic}
   size_t MinHeapDeltaBytes                        = 1048576                                   {product} {ergonomic}
   size_t MinHeapSize                              = 8388608                                   {product} {ergonomic}
    uintx NonNMethodCodeHeapSize                   = 5839372                                {pd product} {ergonomic}
    uintx NonProfiledCodeHeapSize                  = 122909434                              {pd product} {ergonomic}
    uintx ProfiledCodeHeapSize                     = 122909434                              {pd product} {ergonomic}
    uintx ReservedCodeCacheSize                    = 251658240                              {pd product} {ergonomic}
     bool SegmentedCodeCache                       = true                                      {product} {ergonomic}
     bool ShowCodeDetailsInExceptionMessages       = true                                   {manageable} {command line}
   size_t SoftMaxHeapSize                          = 2065694720                             {manageable} {ergonomic}
     bool UseCompressedOops                        = true                           {product lp64_product} {ergonomic}
     bool UseG1GC                                  = true                                      {product} {ergonomic}
     bool UseLargePagesIndividualAllocation        = false                                  {pd product} {ergonomic}

Logging:
Log output configuration:
 #0: stdout all=warning uptime,level,tags foldmultilines=false
 #1: stderr all=off uptime,level,tags foldmultilines=false

Environment Variables:
JAVA_HOME=C:\Program Files\Java\jdk-22
PATH=C:/Users/sithum thinantha/.p2/pool/plugins/org.eclipse.justj.openjdk.hotspot.jre.full.win32.x86_64_21.0.6.v20250130-0529/jre/bin/server;C:/Users/sithum thinantha/.p2/pool/plugins/org.eclipse.justj.openjdk.hotspot.jre.full.win32.x86_64_21.0.6.v20250130-0529/jre/bin;C:\Program Files\Python312\Scripts\;C:\Program Files\Python312\;C:\Program Files\Common Files\Oracle\Java\javapath;C:\WINDOWS\system32;C:\WINDOWS;C:\WINDOWS\System32\Wbem;C:\WINDOWS\System32\WindowsPowerShell\v1.0\;C:\WINDOWS\System32\OpenSSH\;C:\Program Files\dotnet\;C:\Program Files\Java\jdk-22\bin;C:\Program Files\nodejs\;C:\Program Files\Git\cmd;C:\Program Files\Microsoft VS Code\bin;C:\apache-maven-3.9.9\bin;C:\Program Files\MongoDB\Server\8.0\bin;C:\Program Files\MySQL\MySQL Shell 8.0\bin\;C:\Users\sithum thinantha\AppData\Local\Microsoft\WindowsApps;C:\Users\sithum thinantha\AppData\Roaming\npm;C:\Program Files\mongosh\;C:\Users\sithum thinantha\OneDrive\Desktop;
USERNAME=sithum thinantha
OS=Windows_NT
PROCESSOR_IDENTIFIER=Intel64 Family 6 Model 186 Stepping 3, GenuineIntel
TMP=C:\Users\sithum thinantha\AppData\Local\Temp
TEMP=C:\Users\sithum thinantha\AppData\Local\Temp




Periodic native trim disabled

---------------  S Y S T E M  ---------------

OS:
 Windows 11 , 64 bit Build 26100 (10.0.26100.3624)
OS uptime: 2 days 16:36 hours
Hyper-V role detected

CPU: total 12 (initial active 12) (6 cores per cpu, 2 threads per core) family 6 model 186 stepping 3 microcode 0x4123, cx8, cmov, fxsr, ht, mmx, 3dnowpref, sse, sse2, sse3, ssse3, sse4.1, sse4.2, popcnt, lzcnt, tsc, tscinvbit, avx, avx2, aes, erms, clmul, bmi1, bmi2, adx, sha, fma, vzeroupper, clflush, clflushopt, clwb, hv, serialize, rdtscp, rdpid, fsrm, f16c, cet_ibt, cet_ss
Processor Information for the first 12 processors :
  Max Mhz: 1300, Current Mhz: 1300, Mhz Limit: 1300

Memory: 4k page, system-wide physical 7876M (1384M free)
TotalPageFile size 21188M (AvailPageFile size 5553M)
current process WorkingSet (physical memory assigned to process): 140M, peak: 250M
current process commit charge ("private bytes"): 260M, peak: 294M

vm_info: OpenJDK 64-Bit Server VM (21.0.6+7-LTS) for windows-amd64 JRE (21.0.6+7-LTS), built on 2025-01-21T00:00:00Z by "admin" with MS VC++ 17.7 (VS2022)

END.
